<?xml version="1.0" encoding="UTF-8"?>
<!-- Generated by org.testng.reporters.JUnitReportReporter -->
<testsuite hostname="TL1100" failures="0" tests="1" name="testcase.TC_0022" time="21.227" errors="0" timestamp="2023-07-20T12:18:52 IST" skipped="0">
  <testcase classname="testcase.TC_0022" name="CreateLead" time="21.227"/>
  <system-out/>
</testsuite> <!-- testcase.TC_0022 -->
