<?xml version="1.0" encoding="UTF-8"?>
<!-- Generated by org.testng.reporters.JUnitReportReporter -->
<testsuite hostname="TL1100" failures="0" tests="1" name="testcase.TC_003" time="10.385" errors="0" timestamp="2023-07-20T10:06:42 IST" skipped="0">
  <testcase classname="testcase.TC_003" name="CreateLead" time="10.385"/>
  <system-out/>
</testsuite> <!-- testcase.TC_003 -->
