<?xml version="1.0" encoding="UTF-8"?>
<!-- Generated by org.testng.reporters.JUnitReportReporter -->
<testsuite hostname="TL1100" failures="0" tests="1" name="testcase.Runner" time="5.566" errors="0" timestamp="2023-07-19T23:41:33 IST" skipped="0">
  <testcase classname="testcase.Runner" name="runScenario" time="5.566"/>
  <system-out/>
</testsuite> <!-- testcase.Runner -->
